<?xml version="1.0" encoding="UTF-8"?>
<testng-results skipped="0" failed="1" ignored="0" total="2" passed="1">
  <reporter-output>
  </reporter-output>
  <suite name="Default suite" duration-ms="64260" started-at="2020-08-10T06:59:16Z" finished-at="2020-08-10T07:00:21Z">
    <groups>
    </groups>
    <test name="Default test" duration-ms="64260" started-at="2020-08-10T06:59:16Z" finished-at="2020-08-10T07:00:21Z">
      <class name="com.Log4j.LoginTest">
        <test-method status="PASS" signature="SetUp()[pri:0, instance:com.Log4j.LoginTest@553f17c]" name="SetUp" is-config="true" duration-ms="47949" started-at="2020-08-10T06:59:17Z" finished-at="2020-08-10T07:00:04Z">
          <reporter-output>
          </reporter-output>
        </test-method> <!-- SetUp -->
        <test-method status="PASS" signature="CurrentUrl()[pri:1, instance:com.Log4j.LoginTest@553f17c]" name="CurrentUrl" duration-ms="24" started-at="2020-08-10T07:00:04Z" finished-at="2020-08-10T07:00:05Z">
          <reporter-output>
          </reporter-output>
        </test-method> <!-- CurrentUrl -->
        <test-method status="PASS" signature="TearDown()[pri:0, instance:com.Log4j.LoginTest@553f17c]" name="TearDown" is-config="true" duration-ms="922" started-at="2020-08-10T07:00:05Z" finished-at="2020-08-10T07:00:05Z">
          <reporter-output>
          </reporter-output>
        </test-method> <!-- TearDown -->
        <test-method status="PASS" signature="SetUp()[pri:0, instance:com.Log4j.LoginTest@553f17c]" name="SetUp" is-config="true" duration-ms="13939" started-at="2020-08-10T07:00:05Z" finished-at="2020-08-10T07:00:19Z">
          <reporter-output>
          </reporter-output>
        </test-method> <!-- SetUp -->
        <test-method status="FAIL" signature="GoogleTitle()[pri:2, instance:com.Log4j.LoginTest@553f17c]" name="GoogleTitle" duration-ms="28" started-at="2020-08-10T07:00:19Z" finished-at="2020-08-10T07:00:19Z">
          <exception class="java.lang.AssertionError">
            <message>
              <![CDATA[Google expected [Google] but found [Title is matched]]]>
            </message>
            <full-stacktrace>
              <![CDATA[java.lang.AssertionError: Google expected [Google] but found [Title is matched]
at org.testng.Assert.fail(Assert.java:96)
at org.testng.Assert.failNotEquals(Assert.java:776)
at org.testng.Assert.assertEqualsImpl(Assert.java:137)
at org.testng.Assert.assertEquals(Assert.java:118)
at org.testng.Assert.assertEquals(Assert.java:453)
at com.Log4j.LoginTest.GoogleTitle(LoginTest.java:47)
at sun.reflect.NativeMethodAccessorImpl.invoke0(Native Method)
at sun.reflect.NativeMethodAccessorImpl.invoke(Unknown Source)
at sun.reflect.DelegatingMethodAccessorImpl.invoke(Unknown Source)
at java.lang.reflect.Method.invoke(Unknown Source)
at org.testng.internal.MethodInvocationHelper.invokeMethod(MethodInvocationHelper.java:124)
at org.testng.internal.Invoker.invokeMethod(Invoker.java:583)
at org.testng.internal.Invoker.invokeTestMethod(Invoker.java:719)
at org.testng.internal.Invoker.invokeTestMethods(Invoker.java:989)
at org.testng.internal.TestMethodWorker.invokeTestMethods(TestMethodWorker.java:125)
at org.testng.internal.TestMethodWorker.run(TestMethodWorker.java:109)
at org.testng.TestRunner.privateRun(TestRunner.java:648)
at org.testng.TestRunner.run(TestRunner.java:505)
at org.testng.SuiteRunner.runTest(SuiteRunner.java:455)
at org.testng.SuiteRunner.runSequentially(SuiteRunner.java:450)
at org.testng.SuiteRunner.privateRun(SuiteRunner.java:415)
at org.testng.SuiteRunner.run(SuiteRunner.java:364)
at org.testng.SuiteRunnerWorker.runSuite(SuiteRunnerWorker.java:52)
at org.testng.SuiteRunnerWorker.run(SuiteRunnerWorker.java:84)
at org.testng.TestNG.runSuitesSequentially(TestNG.java:1208)
at org.testng.TestNG.runSuitesLocally(TestNG.java:1137)
at org.testng.TestNG.runSuites(TestNG.java:1049)
at org.testng.TestNG.run(TestNG.java:1017)
at org.testng.remote.AbstractRemoteTestNG.run(AbstractRemoteTestNG.java:114)
at org.testng.remote.RemoteTestNG.initAndRun(RemoteTestNG.java:251)
at org.testng.remote.RemoteTestNG.main(RemoteTestNG.java:77)
]]>
            </full-stacktrace>
          </exception> <!-- java.lang.AssertionError -->
          <reporter-output>
          </reporter-output>
        </test-method> <!-- GoogleTitle -->
        <test-method status="PASS" signature="TearDown()[pri:0, instance:com.Log4j.LoginTest@553f17c]" name="TearDown" is-config="true" duration-ms="1078" started-at="2020-08-10T07:00:20Z" finished-at="2020-08-10T07:00:21Z">
          <reporter-output>
          </reporter-output>
        </test-method> <!-- TearDown -->
      </class> <!-- com.Log4j.LoginTest -->
    </test> <!-- Default test -->
  </suite> <!-- Default suite -->
</testng-results>
