<?xml version="1.0" encoding="UTF-8"?>
<!-- Generated by org.testng.reporters.JUnitXMLReporter -->
<testsuite hostname="siva-PC" ignored="8" name="Test" tests="6" failures="1" timestamp="07 Oct 2020 08:25:32 GMT" time="94.104" errors="0">
  <testcase name="alertswithok" time="0.286" classname="com.qa.TestCases.AlertPAgeTest"/>
  <testcase name="WindowTitle" time="0.048" classname="com.qa.TestCases.WindowTest"/>
  <testcase name="WebtableTitle" time="0.024" classname="com.qa.TestCases.WebtableTest">
    <failure type="java.lang.AssertionError" message="expected [Web Table] but found []">
      <![CDATA[java.lang.AssertionError: expected [Web Table] but found []
at com.qa.TestCases.WebtableTest.WebtableTitle(WebtableTest.java:44)
... Removed 31 stack frames]]>
    </failure>
  </testcase> <!-- WebtableTitle -->
  <testcase name="SwitchToTitle" time="0.112" classname="com.qa.TestCases.SwitchToTest"/>
  <testcase name="LoginPageTitle" time="0.06" classname="com.qa.TestCases.LoginPageTest"/>
  <testcase name="RegisterTitle" time="0.077" classname="com.qa.TestCases.RegisterTest"/>
  <testcase name="@BeforeSuite setUpSuite" time="0.0" classname="com.qa.BaseTest.BaseTest">
    <ignored/>
  </testcase> <!-- @BeforeSuite setUpSuite -->
  <testcase name="@BeforeSuite setUpSuite" time="0.0" classname="com.qa.BaseTest.BaseTest">
    <ignored/>
  </testcase> <!-- @BeforeSuite setUpSuite -->
  <testcase name="@BeforeSuite setUpSuite" time="0.0" classname="com.qa.BaseTest.BaseTest">
    <ignored/>
  </testcase> <!-- @BeforeSuite setUpSuite -->
  <testcase name="@BeforeSuite setUpSuite" time="0.0" classname="com.qa.BaseTest.BaseTest">
    <ignored/>
  </testcase> <!-- @BeforeSuite setUpSuite -->
  <testcase name="@BeforeSuite setUpSuite" time="0.0" classname="com.qa.BaseTest.BaseTest">
    <ignored/>
  </testcase> <!-- @BeforeSuite setUpSuite -->
  <testcase name="@BeforeSuite setUpSuite" time="0.0" classname="com.qa.BaseTest.BaseTest">
    <ignored/>
  </testcase> <!-- @BeforeSuite setUpSuite -->
  <testcase name="FrameText" time="0.0" classname="com.qa.TestCases.FrameTest">
    <ignored/>
  </testcase> <!-- FrameText -->
  <testcase name="frameclick" time="0.0" classname="com.qa.TestCases.FrameTest">
    <ignored/>
  </testcase> <!-- frameclick -->
</testsuite> <!-- Test -->
